[0.134s] DEBUG:colcon:Command line arguments: ['/usr/bin/colcon', 'build', '--symlink-install']
[0.134s] DEBUG:colcon:Parsed command line arguments: Namespace(log_base=None, log_level=None, verb_name='build', build_base='build', install_base='install', merge_install=False, symlink_install=True, test_result_base=None, continue_on_error=False, executor='parallel', parallel_workers=16, event_handlers=None, ignore_user_meta=False, metas=['./colcon.meta'], base_paths=['.'], packages_ignore=None, packages_ignore_regex=None, paths=None, packages_up_to=None, packages_up_to_regex=None, packages_above=None, packages_above_and_dependencies=None, packages_above_depth=None, packages_select_by_dep=None, packages_skip_by_dep=None, packages_skip_up_to=None, packages_select_build_failed=False, packages_skip_build_finished=False, packages_select_test_failures=False, packages_skip_test_passed=False, packages_select=None, packages_skip=None, packages_select_regex=None, packages_skip_regex=None, packages_start=None, packages_end=None, allow_overriding=[], cmake_args=None, cmake_target=None, cmake_target_skip_unavailable=False, cmake_clean_cache=False, cmake_clean_first=False, cmake_force_configure=False, ament_cmake_args=None, catkin_cmake_args=None, catkin_skip_building_tests=False, verb_parser=<colcon_defaults.argument_parser.defaults.DefaultArgumentsDecorator object at 0x7fbda7f67ec0>, verb_extension=<colcon_core.verb.build.BuildVerb object at 0x7fbda80b0170>, main=<bound method BuildVerb.main of <colcon_core.verb.build.BuildVerb object at 0x7fbda80b0170>>)
[0.187s] Level 1:colcon.colcon_core.package_discovery:discover_packages(colcon_meta) check parameters
[0.188s] Level 1:colcon.colcon_core.package_discovery:discover_packages(recursive) check parameters
[0.188s] Level 1:colcon.colcon_core.package_discovery:discover_packages(ignore) check parameters
[0.188s] Level 1:colcon.colcon_core.package_discovery:discover_packages(path) check parameters
[0.188s] Level 1:colcon.colcon_core.package_discovery:discover_packages(colcon_meta) discover
[0.188s] Level 1:colcon.colcon_core.package_discovery:discover_packages(recursive) discover
[0.188s] INFO:colcon.colcon_core.package_discovery:Crawling recursively for packages in '/home/bruno/tri_ws/src/TRI'
[0.188s] Level 1:colcon.colcon_core.package_identification:_identify(.) by extensions ['ignore', 'ignore_ament_install']
[0.188s] Level 1:colcon.colcon_core.package_identification:_identify(.) by extension 'ignore'
[0.188s] Level 1:colcon.colcon_core.package_identification:_identify(.) by extension 'ignore_ament_install'
[0.188s] Level 1:colcon.colcon_core.package_identification:_identify(.) by extensions ['colcon_pkg']
[0.188s] Level 1:colcon.colcon_core.package_identification:_identify(.) by extension 'colcon_pkg'
[0.188s] Level 1:colcon.colcon_core.package_identification:_identify(.) by extensions ['colcon_meta']
[0.188s] Level 1:colcon.colcon_core.package_identification:_identify(.) by extension 'colcon_meta'
[0.188s] Level 1:colcon.colcon_core.package_identification:_identify(.) by extensions ['ros']
[0.188s] Level 1:colcon.colcon_core.package_identification:_identify(.) by extension 'ros'
[0.213s] DEBUG:colcon.colcon_core.package_identification:Package '.' with type 'ros.ament_python' and name 'reactive_robot'
[0.213s] Level 1:colcon.colcon_core.package_discovery:discover_packages(recursive) using defaults
[0.213s] Level 1:colcon.colcon_core.package_discovery:discover_packages(ignore) discover
[0.213s] Level 1:colcon.colcon_core.package_discovery:discover_packages(ignore) using defaults
[0.213s] Level 1:colcon.colcon_core.package_discovery:discover_packages(path) discover
[0.213s] Level 1:colcon.colcon_core.package_discovery:discover_packages(path) using defaults
[0.235s] Level 1:colcon.colcon_core.package_discovery:discover_packages(prefix_path) check parameters
[0.235s] Level 1:colcon.colcon_core.package_discovery:discover_packages(prefix_path) discover
[0.237s] WARNING:colcon.colcon_ros.prefix_path.ament:The path '/home/bruno/tri_ws/src/TRI/install/reactive_robot' in the environment variable AMENT_PREFIX_PATH doesn't exist
[0.240s] DEBUG:colcon.colcon_installed_package_information.package_discovery:Found 1 installed packages in /home/bruno/tri_ws/install
[0.240s] DEBUG:colcon.colcon_installed_package_information.package_discovery:Found 0 installed packages in /home/bruno/tri_ws/src/TRI/install
[0.241s] DEBUG:colcon.colcon_installed_package_information.package_discovery:Found 8 installed packages in /home/bruno/andino_ws/install
[0.243s] DEBUG:colcon.colcon_installed_package_information.package_discovery:Found 395 installed packages in /opt/ros/jazzy
[0.244s] Level 1:colcon.colcon_core.package_discovery:discover_packages(prefix_path) using defaults
[0.340s] Level 5:colcon.colcon_core.verb:set package 'reactive_robot' build argument 'cmake_args' from command line to 'None'
[0.340s] Level 5:colcon.colcon_core.verb:set package 'reactive_robot' build argument 'cmake_target' from command line to 'None'
[0.340s] Level 5:colcon.colcon_core.verb:set package 'reactive_robot' build argument 'cmake_target_skip_unavailable' from command line to 'False'
[0.340s] Level 5:colcon.colcon_core.verb:set package 'reactive_robot' build argument 'cmake_clean_cache' from command line to 'False'
[0.340s] Level 5:colcon.colcon_core.verb:set package 'reactive_robot' build argument 'cmake_clean_first' from command line to 'False'
[0.340s] Level 5:colcon.colcon_core.verb:set package 'reactive_robot' build argument 'cmake_force_configure' from command line to 'False'
[0.340s] Level 5:colcon.colcon_core.verb:set package 'reactive_robot' build argument 'ament_cmake_args' from command line to 'None'
[0.340s] Level 5:colcon.colcon_core.verb:set package 'reactive_robot' build argument 'catkin_cmake_args' from command line to 'None'
[0.340s] Level 5:colcon.colcon_core.verb:set package 'reactive_robot' build argument 'catkin_skip_building_tests' from command line to 'False'
[0.340s] DEBUG:colcon.colcon_core.verb:Building package 'reactive_robot' with the following arguments: {'ament_cmake_args': None, 'build_base': '/home/bruno/tri_ws/src/TRI/build/reactive_robot', 'catkin_cmake_args': None, 'catkin_skip_building_tests': False, 'cmake_args': None, 'cmake_clean_cache': False, 'cmake_clean_first': False, 'cmake_force_configure': False, 'cmake_target': None, 'cmake_target_skip_unavailable': False, 'install_base': '/home/bruno/tri_ws/src/TRI/install/reactive_robot', 'merge_install': False, 'path': '/home/bruno/tri_ws/src/TRI', 'symlink_install': True, 'test_result_base': None}
[0.340s] INFO:colcon.colcon_core.executor:Executing jobs using 'parallel' executor
[0.341s] DEBUG:colcon.colcon_parallel_executor.executor.parallel:run_until_complete
[0.341s] INFO:colcon.colcon_ros.task.ament_python.build:Building ROS package in '/home/bruno/tri_ws/src/TRI' with build type 'ament_python'
[0.341s] Level 1:colcon.colcon_core.shell:create_environment_hook('reactive_robot', 'ament_prefix_path')
[0.345s] INFO:colcon.colcon_core.plugin_system:Skipping extension 'colcon_core.shell.bat': Not used on non-Windows systems
[0.345s] INFO:colcon.colcon_core.shell:Creating environment hook '/home/bruno/tri_ws/src/TRI/install/reactive_robot/share/reactive_robot/hook/ament_prefix_path.ps1'
[0.347s] INFO:colcon.colcon_core.shell:Creating environment descriptor '/home/bruno/tri_ws/src/TRI/install/reactive_robot/share/reactive_robot/hook/ament_prefix_path.dsv'
[0.348s] INFO:colcon.colcon_core.shell:Creating environment hook '/home/bruno/tri_ws/src/TRI/install/reactive_robot/share/reactive_robot/hook/ament_prefix_path.sh'
[0.348s] INFO:colcon.colcon_core.shell:Skip shell extension 'powershell' for command environment: Not usable outside of PowerShell
[0.348s] DEBUG:colcon.colcon_core.shell:Skip shell extension 'dsv' for command environment
[0.468s] INFO:colcon.colcon_core.task.python.build:Building Python package in '/home/bruno/tri_ws/src/TRI'
[0.468s] INFO:colcon.colcon_core.shell:Skip shell extension 'powershell' for command environment: Not usable outside of PowerShell
[0.468s] DEBUG:colcon.colcon_core.shell:Skip shell extension 'dsv' for command environment
[1.042s] DEBUG:colcon.colcon_core.event_handler.log_command:Invoking command in '/home/bruno/tri_ws/src/TRI/build/reactive_robot': PYTHONPATH=/home/bruno/tri_ws/src/TRI/build/reactive_robot/prefix_override:/usr/lib/python3/dist-packages/colcon_core/task/python/colcon_distutils_commands:/home/bruno/tri_ws/src/TRI/install/reactive_robot/lib/python3.12/site-packages:${PYTHONPATH} /usr/bin/python3 -W ignore:setup.py install is deprecated -W ignore:easy_install command is deprecated setup.py develop --editable --build-directory /home/bruno/tri_ws/src/TRI/build/reactive_robot/build --no-deps symlink_data
[1.359s] Level 1:colcon.colcon_core.shell:create_environment_hook('reactive_robot', 'pythonpath_develop')
[1.360s] INFO:colcon.colcon_core.shell:Creating environment hook '/home/bruno/tri_ws/src/TRI/build/reactive_robot/share/reactive_robot/hook/pythonpath_develop.ps1'
[1.360s] DEBUG:colcon.colcon_core.event_handler.log_command:Invoked command in '/home/bruno/tri_ws/src/TRI/build/reactive_robot' returned '0': PYTHONPATH=/home/bruno/tri_ws/src/TRI/build/reactive_robot/prefix_override:/usr/lib/python3/dist-packages/colcon_core/task/python/colcon_distutils_commands:/home/bruno/tri_ws/src/TRI/install/reactive_robot/lib/python3.12/site-packages:${PYTHONPATH} /usr/bin/python3 -W ignore:setup.py install is deprecated -W ignore:easy_install command is deprecated setup.py develop --editable --build-directory /home/bruno/tri_ws/src/TRI/build/reactive_robot/build --no-deps symlink_data
[1.361s] INFO:colcon.colcon_core.shell:Creating environment descriptor '/home/bruno/tri_ws/src/TRI/build/reactive_robot/share/reactive_robot/hook/pythonpath_develop.dsv'
[1.361s] INFO:colcon.colcon_core.shell:Creating environment hook '/home/bruno/tri_ws/src/TRI/build/reactive_robot/share/reactive_robot/hook/pythonpath_develop.sh'
[1.366s] Level 1:colcon.colcon_core.environment:checking '/home/bruno/tri_ws/src/TRI/install/reactive_robot' for CMake module files
[1.367s] Level 1:colcon.colcon_core.environment:checking '/home/bruno/tri_ws/src/TRI/install/reactive_robot' for CMake config files
[1.367s] Level 1:colcon.colcon_core.environment:checking '/home/bruno/tri_ws/src/TRI/install/reactive_robot/lib'
[1.367s] Level 1:colcon.colcon_core.environment:checking '/home/bruno/tri_ws/src/TRI/install/reactive_robot/bin'
[1.367s] Level 1:colcon.colcon_core.environment:checking '/home/bruno/tri_ws/src/TRI/install/reactive_robot/lib/pkgconfig/reactive_robot.pc'
[1.367s] Level 1:colcon.colcon_core.environment:checking '/home/bruno/tri_ws/src/TRI/install/reactive_robot/lib/python3.12/site-packages'
[1.367s] Level 1:colcon.colcon_core.shell:create_environment_hook('reactive_robot', 'pythonpath')
[1.367s] INFO:colcon.colcon_core.shell:Creating environment hook '/home/bruno/tri_ws/src/TRI/install/reactive_robot/share/reactive_robot/hook/pythonpath.ps1'
[1.368s] INFO:colcon.colcon_core.shell:Creating environment descriptor '/home/bruno/tri_ws/src/TRI/install/reactive_robot/share/reactive_robot/hook/pythonpath.dsv'
[1.368s] INFO:colcon.colcon_core.shell:Creating environment hook '/home/bruno/tri_ws/src/TRI/install/reactive_robot/share/reactive_robot/hook/pythonpath.sh'
[1.368s] Level 1:colcon.colcon_core.environment:checking '/home/bruno/tri_ws/src/TRI/install/reactive_robot/bin'
[1.368s] Level 1:colcon.colcon_core.environment:create_environment_scripts_only(reactive_robot)
[1.368s] INFO:colcon.colcon_core.shell:Creating package script '/home/bruno/tri_ws/src/TRI/install/reactive_robot/share/reactive_robot/package.ps1'
[1.369s] INFO:colcon.colcon_core.shell:Creating package descriptor '/home/bruno/tri_ws/src/TRI/install/reactive_robot/share/reactive_robot/package.dsv'
[1.369s] INFO:colcon.colcon_core.shell:Creating package script '/home/bruno/tri_ws/src/TRI/install/reactive_robot/share/reactive_robot/package.sh'
[1.370s] INFO:colcon.colcon_core.shell:Creating package script '/home/bruno/tri_ws/src/TRI/install/reactive_robot/share/reactive_robot/package.bash'
[1.370s] INFO:colcon.colcon_core.shell:Creating package script '/home/bruno/tri_ws/src/TRI/install/reactive_robot/share/reactive_robot/package.zsh'
[1.371s] Level 1:colcon.colcon_core.environment:create_file_with_runtime_dependencies(/home/bruno/tri_ws/src/TRI/install/reactive_robot/share/colcon-core/packages/reactive_robot)
[1.371s] DEBUG:colcon.colcon_parallel_executor.executor.parallel:closing loop
[1.372s] DEBUG:colcon.colcon_parallel_executor.executor.parallel:loop closed
[1.372s] DEBUG:colcon.colcon_parallel_executor.executor.parallel:run_until_complete finished with '0'
[1.372s] DEBUG:colcon.colcon_core.event_reactor:joining thread
[1.391s] INFO:colcon.colcon_core.plugin_system:Skipping extension 'colcon_notification.desktop_notification.notify_send': Could not find 'notify-send'
[1.391s] INFO:colcon.colcon_core.plugin_system:Skipping extension 'colcon_notification.desktop_notification.terminal_notifier': Not used on non-Darwin systems
[1.391s] INFO:colcon.colcon_core.plugin_system:Skipping extension 'colcon_notification.desktop_notification.win32': Not used on non-Windows systems
[1.391s] INFO:colcon.colcon_notification.desktop_notification:Sending desktop notification using 'notify2'
[1.392s] DEBUG:colcon.colcon_notification.desktop_notification.notify2:Failed to initialize notify2: org.freedesktop.DBus.Error.ServiceUnknown: The name org.freedesktop.Notifications was not provided by any .service files
[1.392s] DEBUG:colcon.colcon_core.event_reactor:joined thread
[1.392s] INFO:colcon.colcon_core.shell:Creating prefix script '/home/bruno/tri_ws/src/TRI/install/local_setup.ps1'
[1.393s] INFO:colcon.colcon_core.shell:Creating prefix util module '/home/bruno/tri_ws/src/TRI/install/_local_setup_util_ps1.py'
[1.394s] INFO:colcon.colcon_core.shell:Creating prefix chain script '/home/bruno/tri_ws/src/TRI/install/setup.ps1'
[1.395s] INFO:colcon.colcon_core.shell:Creating prefix script '/home/bruno/tri_ws/src/TRI/install/local_setup.sh'
[1.395s] INFO:colcon.colcon_core.shell:Creating prefix util module '/home/bruno/tri_ws/src/TRI/install/_local_setup_util_sh.py'
[1.396s] INFO:colcon.colcon_core.shell:Creating prefix chain script '/home/bruno/tri_ws/src/TRI/install/setup.sh'
[1.397s] INFO:colcon.colcon_core.shell:Creating prefix script '/home/bruno/tri_ws/src/TRI/install/local_setup.bash'
[1.397s] INFO:colcon.colcon_core.shell:Creating prefix chain script '/home/bruno/tri_ws/src/TRI/install/setup.bash'
[1.398s] INFO:colcon.colcon_core.shell:Creating prefix script '/home/bruno/tri_ws/src/TRI/install/local_setup.zsh'
[1.398s] INFO:colcon.colcon_core.shell:Creating prefix chain script '/home/bruno/tri_ws/src/TRI/install/setup.zsh'
