running develop
running egg_info
creating reactive_robot.egg-info
writing reactive_robot.egg-info/PKG-INFO
writing dependency_links to reactive_robot.egg-info/dependency_links.txt
writing entry points to reactive_robot.egg-info/entry_points.txt
writing requirements to reactive_robot.egg-info/requires.txt
writing top-level names to reactive_robot.egg-info/top_level.txt
writing manifest file 'reactive_robot.egg-info/SOURCES.txt'
reading manifest file 'reactive_robot.egg-info/SOURCES.txt'
writing manifest file 'reactive_robot.egg-info/SOURCES.txt'
running build_ext
Creating /home/bruno/tri_ws/src/TRI/install/reactive_robot/lib/python3.12/site-packages/reactive-robot.egg-link (link to .)
Installing wall_follower script to /home/bruno/tri_ws/src/TRI/install/reactive_robot/lib/reactive_robot

Installed /home/bruno/tri_ws/src/TRI/build/reactive_robot
running symlink_data
creating /home/bruno/tri_ws/src/TRI/install/reactive_robot/share/ament_index
creating /home/bruno/tri_ws/src/TRI/install/reactive_robot/share/ament_index/resource_index
creating /home/bruno/tri_ws/src/TRI/install/reactive_robot/share/ament_index/resource_index/packages
symbolically linking /home/bruno/tri_ws/src/TRI/build/reactive_robot/resource/reactive_robot -> /home/bruno/tri_ws/src/TRI/install/reactive_robot/share/ament_index/resource_index/packages
symbolically linking /home/bruno/tri_ws/src/TRI/build/reactive_robot/package.xml -> /home/bruno/tri_ws/src/TRI/install/reactive_robot/share/reactive_robot
creating /home/bruno/tri_ws/src/TRI/install/reactive_robot/share/reactive_robot/launch
symbolically linking /home/bruno/tri_ws/src/TRI/build/reactive_robot/launch/assignment.launch.py -> /home/bruno/tri_ws/src/TRI/install/reactive_robot/share/reactive_robot/launch
creating /home/bruno/tri_ws/src/TRI/install/reactive_robot/share/reactive_robot/urdf
symbolically linking /home/bruno/tri_ws/src/TRI/build/reactive_robot/urdf/reactive_robot.urdf -> /home/bruno/tri_ws/src/TRI/install/reactive_robot/share/reactive_robot/urdf
creating /home/bruno/tri_ws/src/TRI/install/reactive_robot/share/reactive_robot/worlds
symbolically linking /home/bruno/tri_ws/src/TRI/build/reactive_robot/worlds/five.sdf -> /home/bruno/tri_ws/src/TRI/install/reactive_robot/share/reactive_robot/worlds
creating /home/bruno/tri_ws/src/TRI/install/reactive_robot/share/reactive_robot/models
creating /home/bruno/tri_ws/src/TRI/install/reactive_robot/share/reactive_robot/models/five_maze
creating /home/bruno/tri_ws/src/TRI/install/reactive_robot/share/reactive_robot/models/five_maze/meshes
symbolically linking /home/bruno/tri_ws/src/TRI/build/reactive_robot/models/five_maze/meshes/five_maze.stl -> /home/bruno/tri_ws/src/TRI/install/reactive_robot/share/reactive_robot/models/five_maze/meshes
