running develop
Removing /home/bruno/tri_ws/src/TRI/install/reactive_robot/lib/python3.12/site-packages/reactive-robot.egg-link (link to .)
running egg_info
writing build/reactive_robot/reactive_robot.egg-info/PKG-INFO
writing dependency_links to build/reactive_robot/reactive_robot.egg-info/dependency_links.txt
writing entry points to build/reactive_robot/reactive_robot.egg-info/entry_points.txt
writing requirements to build/reactive_robot/reactive_robot.egg-info/requires.txt
writing top-level names to build/reactive_robot/reactive_robot.egg-info/top_level.txt
reading manifest file 'build/reactive_robot/reactive_robot.egg-info/SOURCES.txt'
writing manifest file 'build/reactive_robot/reactive_robot.egg-info/SOURCES.txt'
running build
running build_py
creating /home/bruno/tri_ws/src/TRI/build/reactive_robot/build
creating /home/bruno/tri_ws/src/TRI/build/reactive_robot/build/lib
creating /home/bruno/tri_ws/src/TRI/build/reactive_robot/build/lib/reactive_robot
copying reactive_robot/__init__.py -> /home/bruno/tri_ws/src/TRI/build/reactive_robot/build/lib/reactive_robot
copying reactive_robot/wall_follower.py -> /home/bruno/tri_ws/src/TRI/build/reactive_robot/build/lib/reactive_robot
running install
running install_lib
creating /home/bruno/tri_ws/src/TRI/install/reactive_robot/lib/python3.12/site-packages/reactive_robot
copying /home/bruno/tri_ws/src/TRI/build/reactive_robot/build/lib/reactive_robot/__init__.py -> /home/bruno/tri_ws/src/TRI/install/reactive_robot/lib/python3.12/site-packages/reactive_robot
copying /home/bruno/tri_ws/src/TRI/build/reactive_robot/build/lib/reactive_robot/wall_follower.py -> /home/bruno/tri_ws/src/TRI/install/reactive_robot/lib/python3.12/site-packages/reactive_robot
byte-compiling /home/bruno/tri_ws/src/TRI/install/reactive_robot/lib/python3.12/site-packages/reactive_robot/__init__.py to __init__.cpython-312.pyc
byte-compiling /home/bruno/tri_ws/src/TRI/install/reactive_robot/lib/python3.12/site-packages/reactive_robot/wall_follower.py to wall_follower.cpython-312.pyc
running install_data
copying resource/reactive_robot -> /home/bruno/tri_ws/src/TRI/install/reactive_robot/share/ament_index/resource_index/packages
copying package.xml -> /home/bruno/tri_ws/src/TRI/install/reactive_robot/share/reactive_robot
copying launch/assignment.launch.py -> /home/bruno/tri_ws/src/TRI/install/reactive_robot/share/reactive_robot/launch
copying urdf/reactive_robot.urdf -> /home/bruno/tri_ws/src/TRI/install/reactive_robot/share/reactive_robot/urdf
copying worlds/five.sdf -> /home/bruno/tri_ws/src/TRI/install/reactive_robot/share/reactive_robot/worlds
copying models/five_maze/meshes/five_maze.stl -> /home/bruno/tri_ws/src/TRI/install/reactive_robot/share/reactive_robot/models/five_maze/meshes
running install_egg_info
Copying build/reactive_robot/reactive_robot.egg-info to /home/bruno/tri_ws/src/TRI/install/reactive_robot/lib/python3.12/site-packages/reactive_robot-0.0.0-py3.12.egg-info
running install_scripts
Installing wall_follower script to /home/bruno/tri_ws/src/TRI/install/reactive_robot/lib/reactive_robot
writing list of installed files to '/home/bruno/tri_ws/src/TRI/build/reactive_robot/install.log'
